<?xml version="1.0" encoding="UTF-8"?>
<!-- Generated by org.testng.reporters.JUnitXMLReporter -->
<testsuite hostname="LAPTOP-JIBR9C35" ignored="0" name="Command line test" tests="10" failures="0" timestamp="06 Nov 2020 04:33:32 GMT" time="136.208" errors="0">
  <testcase name="pageTitle" time="2.092" classname="testcases.UsefulLinksPageTest"/>
  <testcase name="text_usefulLinks" time="1.45" classname="testcases.UsefulLinksPageTest"/>
  <testcase name="text_internetRequired" time="0.174" classname="testcases.UsefulLinksPageTest"/>
  <testcase name="text_copyright" time="0.264" classname="testcases.UsefulLinksPageTest"/>
  <testcase name="text_designedForSelenium" time="0.066" classname="testcases.UsefulLinksPageTest"/>
  <testcase name="LinksTitle" time="61.343" classname="testcases.UsefulLinksPageTest"/>
  <testcase name="totalLinks" time="0.043" classname="testcases.UsefulLinksPageTest"/>
  <testcase name="brokenLinks" time="27.046" classname="testcases.UsefulLinksPageTest"/>
  <testcase name="headers" time="0.453" classname="testcases.UsefulLinksPageTest"/>
  <testcase name="rowsData" time="1.622" classname="testcases.UsefulLinksPageTest"/>
</testsuite> <!-- Command line test -->
