<?xml version="1.0" encoding="UTF-8"?>
<testng-results skipped="0" failed="0" ignored="0" total="2" passed="2">
  <reporter-output>
  </reporter-output>
  <suite name="Command line suite" duration-ms="46043" started-at="2020-11-06T04:36:41Z" finished-at="2020-11-06T04:37:27Z">
    <groups>
    </groups>
    <test name="Command line test" duration-ms="46043" started-at="2020-11-06T04:36:41Z" finished-at="2020-11-06T04:37:27Z">
      <class name="testcases.UsefulLinksPageTest">
        <test-method status="PASS" signature="initialise()[pri:0, instance:testcases.UsefulLinksPageTest@7b69c6ba]" name="initialise" is-config="true" duration-ms="21809" started-at="2020-11-06T04:36:41Z" finished-at="2020-11-06T04:37:03Z">
          <reporter-output>
          </reporter-output>
        </test-method> <!-- initialise -->
        <test-method status="PASS" signature="initialise()[pri:0, instance:testcases.loginTest@44c8afef]" name="initialise" is-config="true" duration-ms="19707" started-at="2020-11-06T04:37:03Z" finished-at="2020-11-06T04:37:23Z">
          <reporter-output>
          </reporter-output>
        </test-method> <!-- initialise -->
        <test-method status="PASS" signature="pageTitle()[pri:0, instance:testcases.UsefulLinksPageTest@7b69c6ba]" name="pageTitle" duration-ms="113" started-at="2020-11-06T04:37:25Z" finished-at="2020-11-06T04:37:25Z">
          <reporter-output>
          </reporter-output>
        </test-method> <!-- pageTitle -->
        <test-method status="PASS" signature="createnode()[pri:0, instance:testcases.UsefulLinksPageTest@7b69c6ba]" name="createnode" is-config="true" duration-ms="0" started-at="2020-11-06T04:37:25Z" finished-at="2020-11-06T04:37:25Z">
          <reporter-output>
          </reporter-output>
        </test-method> <!-- createnode -->
        <test-method status="PASS" signature="terardown()[pri:0, instance:testcases.UsefulLinksPageTest@7b69c6ba]" name="terardown" is-config="true" duration-ms="1871" started-at="2020-11-06T04:37:25Z" finished-at="2020-11-06T04:37:27Z">
          <reporter-output>
          </reporter-output>
        </test-method> <!-- terardown -->
        <test-method status="PASS" signature="terardown()[pri:0, instance:testcases.loginTest@44c8afef]" name="terardown" is-config="true" duration-ms="225" started-at="2020-11-06T04:37:27Z" finished-at="2020-11-06T04:37:27Z">
          <reporter-output>
          </reporter-output>
        </test-method> <!-- terardown -->
      </class> <!-- testcases.UsefulLinksPageTest -->
      <class name="testcases.loginTest">
        <test-method status="PASS" signature="createnode()[pri:0, instance:testcases.loginTest@44c8afef]" name="createnode" is-config="true" duration-ms="55" started-at="2020-11-06T04:37:23Z" finished-at="2020-11-06T04:37:23Z">
          <reporter-output>
          </reporter-output>
        </test-method> <!-- createnode -->
        <test-method status="PASS" signature="pageTitle()[pri:0, instance:testcases.loginTest@44c8afef]" name="pageTitle" duration-ms="2076" started-at="2020-11-06T04:37:23Z" finished-at="2020-11-06T04:37:25Z">
          <reporter-output>
          </reporter-output>
        </test-method> <!-- pageTitle -->
      </class> <!-- testcases.loginTest -->
    </test> <!-- Command line test -->
  </suite> <!-- Command line suite -->
</testng-results>
