<?xml version="1.0" encoding="UTF-8"?>
<!-- Generated by org.testng.reporters.JUnitXMLReporter -->
<testsuite hostname="LAPTOP-JIBR9C35" ignored="0" name="Default test" tests="10" failures="0" timestamp="02 Nov 2020 09:51:28 GMT" time="219.249" errors="0">
  <testcase name="pageTitle" time="2.351" classname="testcases.UsefulLinksPageTest"/>
  <testcase name="text_usefulLinks" time="1.514" classname="testcases.UsefulLinksPageTest"/>
  <testcase name="text_internetRequired" time="0.056" classname="testcases.UsefulLinksPageTest"/>
  <testcase name="text_copyright" time="0.226" classname="testcases.UsefulLinksPageTest"/>
  <testcase name="text_designedForSelenium" time="0.283" classname="testcases.UsefulLinksPageTest"/>
  <testcase name="LinksTitle" time="103.375" classname="testcases.UsefulLinksPageTest"/>
  <testcase name="totalLinks" time="0.031" classname="testcases.UsefulLinksPageTest"/>
  <testcase name="brokenLinks" time="32.034" classname="testcases.UsefulLinksPageTest"/>
  <testcase name="headers" time="0.883" classname="testcases.UsefulLinksPageTest"/>
  <testcase name="rowsData" time="0.904" classname="testcases.UsefulLinksPageTest"/>
</testsuite> <!-- Default test -->
